Build started 18/10/2016 11:41:37.
     1>Project "C:\Users\Elliot Anderson\Documents\GitHub\SpaceGame\spaceship\spaceship.vcxproj" on node 2 (Build target(s)).
     1>ClCompile:
         C:\Program Files (x86)\Microsoft Visual Studio 12.0\VC\bin\CL.exe /c /Zi /nologo /W3 /WX- /sdl /O2 /Oi /Oy- /GL /D WIN32 /D NDEBUG /D _WINDOWS /D _UNICODE /D UNICODE /Gm- /EHsc /MD /GS /Gy /fp:precise /Zc:wchar_t /Zc:forScope /Fo"Release\\" /Fd"Release\vc120.pdb" /Gd /TP /analyze- /errorReport:prompt Building.cpp BuildingBackground.cpp BuildingForeground.cpp camera.cpp entities.cpp ErrorLogger.cpp Explosion.cpp gamecode.cpp GameObject.cpp gametimer.cpp mydrawengine.cpp myinputs.cpp mysoundengine.cpp ObjectManager.cpp Shapes.cpp Spaceship.cpp stuff.cpp userInterface.cpp vector2D.cpp wincode.cpp
         Building.cpp
     1>c:\users\elliot anderson\documents\github\spacegame\spaceship\mydrawengine.h(76): fatal error C1083: Cannot open include file: 'd3dx9.h': No such file or directory
         BuildingBackground.cpp
     1>c:\users\elliot anderson\documents\github\spacegame\spaceship\mydrawengine.h(76): fatal error C1083: Cannot open include file: 'd3dx9.h': No such file or directory
         BuildingForeground.cpp
     1>c:\users\elliot anderson\documents\github\spacegame\spaceship\mydrawengine.h(76): fatal error C1083: Cannot open include file: 'd3dx9.h': No such file or directory
         camera.cpp
     1>c:\users\elliot anderson\documents\github\spacegame\spaceship\mydrawengine.h(76): fatal error C1083: Cannot open include file: 'd3dx9.h': No such file or directory
         entities.cpp
     1>c:\users\elliot anderson\documents\github\spacegame\spaceship\mydrawengine.h(76): fatal error C1083: Cannot open include file: 'd3dx9.h': No such file or directory
         ErrorLogger.cpp
         Explosion.cpp
     1>c:\users\elliot anderson\documents\github\spacegame\spaceship\mydrawengine.h(76): fatal error C1083: Cannot open include file: 'd3dx9.h': No such file or directory
         gamecode.cpp
     1>c:\users\elliot anderson\documents\github\spacegame\spaceship\mydrawengine.h(76): fatal error C1083: Cannot open include file: 'd3dx9.h': No such file or directory
         GameObject.cpp
     1>c:\users\elliot anderson\documents\github\spacegame\spaceship\mydrawengine.h(76): fatal error C1083: Cannot open include file: 'd3dx9.h': No such file or directory
         gametimer.cpp
         mydrawengine.cpp
     1>c:\users\elliot anderson\documents\github\spacegame\spaceship\mydrawengine.h(76): fatal error C1083: Cannot open include file: 'd3dx9.h': No such file or directory
         myinputs.cpp
     1>myinputs.cpp(21): fatal error C1083: Cannot open include file: 'dxerr.h': No such file or directory
         mysoundengine.cpp
     1>mysoundengine.cpp(7): fatal error C1083: Cannot open include file: 'dxerr.h': No such file or directory
         ObjectManager.cpp
     1>c:\users\elliot anderson\documents\github\spacegame\spaceship\mydrawengine.h(76): fatal error C1083: Cannot open include file: 'd3dx9.h': No such file or directory
         Shapes.cpp
         Spaceship.cpp
     1>c:\users\elliot anderson\documents\github\spacegame\spaceship\mydrawengine.h(76): fatal error C1083: Cannot open include file: 'd3dx9.h': No such file or directory
         stuff.cpp
         userInterface.cpp
     1>c:\users\elliot anderson\documents\github\spacegame\spaceship\mydrawengine.h(76): fatal error C1083: Cannot open include file: 'd3dx9.h': No such file or directory
         vector2D.cpp
         wincode.cpp
     1>c:\users\elliot anderson\documents\github\spacegame\spaceship\mydrawengine.h(76): fatal error C1083: Cannot open include file: 'd3dx9.h': No such file or directory
     1>Done Building Project "C:\Users\Elliot Anderson\Documents\GitHub\SpaceGame\spaceship\spaceship.vcxproj" (Build target(s)) -- FAILED.

Build FAILED.

Time Elapsed 00:00:05.03
