Build started 30/11/2016 14:54:09.
     1>Project "C:\Users\Elliot Anderson\Documents\GitHub\SpaceGame\spaceship\spaceship.vcxproj" on node 2 (Build target(s)).
     1>ClCompile:
         C:\Program Files (x86)\Microsoft Visual Studio 12.0\VC\bin\CL.exe /c /I"C:\Program Files (x86)\Microsoft DirectX SDK (June 2010)\Include" /ZI /nologo /W3 /WX- /sdl /Od /Oy- /D WIN32 /D _DEBUG /D _WINDOWS /D _UNICODE /D UNICODE /Gm /EHsc /RTC1 /MDd /GS /fp:precise /Zc:wchar_t /Zc:forScope /Fo"Debug\\" /Fd"Debug\vc120.pdb" /Gd /TP /analyze- /errorReport:prompt BombUI.cpp Building.cpp BuildingBackground.cpp BuildingForeground.cpp BulletUI.cpp EnemyBullet.cpp EnemyOne.cpp EnemyShip.cpp Explosion.cpp FuelBox.cpp GameObject.cpp ObjectManager.cpp Particles.cpp Spaceship.cpp collisionShaper.cpp entities.cpp gamecode.cpp lander.cpp missile.cpp playerMissile.cpp userInterface.cpp wincode.cpp
         EnemyShip.cpp
         EnemyBullet.cpp
     1>c:\users\elliot anderson\documents\github\spacegame\spaceship\enemybullet.cpp(21): warning C4244: '=' : conversion from 'double' to 'float', possible loss of data
         Generating Code...
         Compiling...
         wincode.cpp
         userInterface.cpp
         playerMissile.cpp
     1>c:\users\elliot anderson\documents\github\spacegame\spaceship\playermissile.cpp(26): warning C4244: '=' : conversion from 'double' to 'float', possible loss of data
         missile.cpp
         lander.cpp
         gamecode.cpp
         entities.cpp
     1>c:\users\elliot anderson\documents\github\spacegame\spaceship\entities.cpp(38): warning C4244: 'argument' : conversion from 'time_t' to 'unsigned int', possible loss of data
     1>c:\users\elliot anderson\documents\github\spacegame\spaceship\entities.cpp(159): warning C4244: 'argument' : conversion from 'int' to 'float', possible loss of data
     1>c:\users\elliot anderson\documents\github\spacegame\spaceship\entities.cpp(181): warning C4244: 'argument' : conversion from 'int' to 'float', possible loss of data
     1>c:\users\elliot anderson\documents\github\spacegame\spaceship\entities.cpp(206): warning C4244: 'argument' : conversion from 'int' to 'float', possible loss of data
     1>c:\users\elliot anderson\documents\github\spacegame\spaceship\entities.cpp(231): warning C4244: 'argument' : conversion from 'int' to 'float', possible loss of data
     1>c:\users\elliot anderson\documents\github\spacegame\spaceship\entities.cpp(256): warning C4244: 'argument' : conversion from 'int' to 'float', possible loss of data
     1>c:\users\elliot anderson\documents\github\spacegame\spaceship\entities.cpp(281): warning C4244: 'argument' : conversion from 'int' to 'float', possible loss of data
     1>c:\users\elliot anderson\documents\github\spacegame\spaceship\entities.cpp(310): warning C4244: 'argument' : conversion from 'int' to 'float', possible loss of data
     1>c:\users\elliot anderson\documents\github\spacegame\spaceship\entities.cpp(358): warning C4244: 'argument' : conversion from 'int' to 'float', possible loss of data
     1>c:\users\elliot anderson\documents\github\spacegame\spaceship\entities.cpp(406): warning C4244: 'argument' : conversion from 'int' to 'float', possible loss of data
     1>c:\users\elliot anderson\documents\github\spacegame\spaceship\entities.cpp(491): warning C4244: '=' : conversion from 'float' to 'int', possible loss of data
     1>c:\users\elliot anderson\documents\github\spacegame\spaceship\entities.cpp(558): warning C4244: '=' : conversion from 'float' to 'int', possible loss of data
     1>c:\users\elliot anderson\documents\github\spacegame\spaceship\entities.cpp(616): warning C4244: '=' : conversion from 'float' to 'int', possible loss of data
     1>c:\users\elliot anderson\documents\github\spacegame\spaceship\entities.cpp(666): warning C4244: '=' : conversion from 'double' to 'float', possible loss of data
     1>c:\users\elliot anderson\documents\github\spacegame\spaceship\entities.cpp(676): warning C4244: '=' : conversion from 'double' to 'float', possible loss of data
     1>c:\users\elliot anderson\documents\github\spacegame\spaceship\entities.cpp(688): warning C4244: '=' : conversion from 'float' to 'int', possible loss of data
         collisionShaper.cpp
         Spaceship.cpp
     1>c:\users\elliot anderson\documents\github\spacegame\spaceship\spaceship.cpp(38): warning C4244: 'argument' : conversion from 'time_t' to 'unsigned int', possible loss of data
         Particles.cpp
     1>c:\users\elliot anderson\documents\github\spacegame\spaceship\particles.cpp(57): warning C4244: '=' : conversion from 'double' to 'float', possible loss of data
     1>c:\users\elliot anderson\documents\github\spacegame\spaceship\particles.cpp(69): warning C4244: '=' : conversion from 'float' to 'int', possible loss of data
         ObjectManager.cpp
         GameObject.cpp
         FuelBox.cpp
         Explosion.cpp
     1>c:\users\elliot anderson\documents\github\spacegame\spaceship\explosion.cpp(33): warning C4244: '=' : conversion from 'double' to 'float', possible loss of data
     1>c:\users\elliot anderson\documents\github\spacegame\spaceship\explosion.cpp(45): warning C4244: '=' : conversion from 'float' to 'int', possible loss of data
         EnemyOne.cpp
         BulletUI.cpp
     1>c:\users\elliot anderson\documents\github\spacegame\spaceship\bulletui.cpp(74): warning C4244: 'argument' : conversion from 'int' to 'float', possible loss of data
     1>c:\users\elliot anderson\documents\github\spacegame\spaceship\bulletui.cpp(92): warning C4244: 'initializing' : conversion from 'float' to 'int', possible loss of data
     1>c:\users\elliot anderson\documents\github\spacegame\spaceship\bulletui.cpp(93): warning C4244: 'initializing' : conversion from 'float' to 'int', possible loss of data
     1>c:\users\elliot anderson\documents\github\spacegame\spaceship\bulletui.cpp(94): warning C4244: 'initializing' : conversion from 'float' to 'int', possible loss of data
     1>c:\users\elliot anderson\documents\github\spacegame\spaceship\bulletui.cpp(97): warning C4244: 'argument' : conversion from 'float' to 'int', possible loss of data
     1>c:\users\elliot anderson\documents\github\spacegame\spaceship\bulletui.cpp(102): warning C4244: 'argument' : conversion from 'float' to 'int', possible loss of data
     1>c:\users\elliot anderson\documents\github\spacegame\spaceship\bulletui.cpp(107): warning C4244: 'argument' : conversion from 'float' to 'int', possible loss of data
         BuildingForeground.cpp
     1>c:\users\elliot anderson\documents\github\spacegame\spaceship\buildingforeground.cpp(26): warning C4244: '+=' : conversion from 'double' to 'float', possible loss of data
         BuildingBackground.cpp
     1>c:\users\elliot anderson\documents\github\spacegame\spaceship\buildingbackground.cpp(25): warning C4244: 'argument' : conversion from 'double' to 'float', possible loss of data
     1>c:\users\elliot anderson\documents\github\spacegame\spaceship\buildingbackground.cpp(26): warning C4244: '+=' : conversion from 'double' to 'float', possible loss of data
         Building.cpp
         BombUI.cpp
     1>c:\users\elliot anderson\documents\github\spacegame\spaceship\bombui.cpp(14): warning C4244: '=' : conversion from 'int' to 'float', possible loss of data
         Generating Code...
       Link:
         C:\Program Files (x86)\Microsoft Visual Studio 12.0\VC\bin\link.exe /ERRORREPORT:PROMPT /OUT:"C:\Users\Elliot Anderson\Documents\GitHub\SpaceGame\Debug\spaceship.exe" /INCREMENTAL /NOLOGO /LIBPATH:"C:\Program Files (x86)\Microsoft DirectX SDK (June 2010)\Lib\x86" kernel32.lib user32.lib gdi32.lib winspool.lib comdlg32.lib advapi32.lib shell32.lib ole32.lib oleaut32.lib uuid.lib odbc32.lib odbccp32.lib /MANIFEST /MANIFESTUAC:"level='asInvoker' uiAccess='false'" /manifest:embed /DEBUG /PDB:"C:\Users\Elliot Anderson\Documents\GitHub\SpaceGame\Debug\spaceship.pdb" /SUBSYSTEM:WINDOWS /TLBID:1 /DYNAMICBASE /NXCOMPAT /IMPLIB:"C:\Users\Elliot Anderson\Documents\GitHub\SpaceGame\Debug\spaceship.lib" /MACHINE:X86 Debug\BombUI.obj
         Debug\Building.obj
         Debug\BuildingBackground.obj
         Debug\BuildingForeground.obj
         Debug\BulletUI.obj
         Debug\camera.obj
         Debug\collisionShaper.obj
         Debug\EnemyBullet.obj
         Debug\EnemyOne.obj
         Debug\EnemyShip.obj
         Debug\entities.obj
         Debug\ErrorLogger.obj
         Debug\Explosion.obj
         Debug\FuelBox.obj
         Debug\gamecode.obj
         Debug\GameObject.obj
         Debug\gametimer.obj
         Debug\KeyboardBuffer.obj
         Debug\lander.obj
         Debug\missile.obj
         Debug\mydrawengine.obj
         Debug\myinputs.obj
         Debug\mysoundengine.obj
         Debug\ObjectManager.obj
         Debug\Particles.obj
         Debug\playerMissile.obj
         Debug\Shapes.obj
         Debug\Spaceship.obj
         Debug\stuff.obj
         Debug\userInterface.obj
         Debug\vector2D.obj
         Debug\wincode.obj
         spaceship.vcxproj -> C:\Users\Elliot Anderson\Documents\GitHub\SpaceGame\Debug\spaceship.exe
     1>Done Building Project "C:\Users\Elliot Anderson\Documents\GitHub\SpaceGame\spaceship\spaceship.vcxproj" (Build target(s)).

Build succeeded.

Time Elapsed 00:00:14.92
