c:\users\elliot anderson\documents\github\spacegame\spaceship\debug\vc120.pdb
c:\users\elliot anderson\documents\github\spacegame\spaceship\debug\vc120.idb
c:\users\elliot anderson\documents\github\spacegame\spaceship\debug\camera.obj
c:\users\elliot anderson\documents\github\spacegame\spaceship\debug\entities.obj
c:\users\elliot anderson\documents\github\spacegame\spaceship\debug\errorlogger.obj
c:\users\elliot anderson\documents\github\spacegame\spaceship\debug\gamecode.obj
c:\users\elliot anderson\documents\github\spacegame\spaceship\debug\gameobject.obj
c:\users\elliot anderson\documents\github\spacegame\spaceship\debug\gametimer.obj
c:\users\elliot anderson\documents\github\spacegame\spaceship\debug\keyboardbuffer.obj
c:\users\elliot anderson\documents\github\spacegame\spaceship\debug\mydrawengine.obj
c:\users\elliot anderson\documents\github\spacegame\spaceship\debug\myinputs.obj
c:\users\elliot anderson\documents\github\spacegame\spaceship\debug\mysoundengine.obj
c:\users\elliot anderson\documents\github\spacegame\spaceship\debug\objectmanager.obj
c:\users\elliot anderson\documents\github\spacegame\spaceship\debug\shapes.obj
c:\users\elliot anderson\documents\github\spacegame\spaceship\debug\stuff.obj
c:\users\elliot anderson\documents\github\spacegame\spaceship\debug\vector2d.obj
c:\users\elliot anderson\documents\github\spacegame\spaceship\debug\wincode.obj
c:\users\elliot anderson\documents\github\spacegame\spaceship\debug\building.obj
c:\users\elliot anderson\documents\github\spacegame\spaceship\debug\spaceship.obj
c:\users\elliot anderson\documents\github\spacegame\spaceship\debug\buildingforeground.obj
c:\users\elliot anderson\documents\github\spacegame\spaceship\debug\buildingbackground.obj
c:\users\elliot anderson\documents\github\spacegame\spaceship\debug\explosion.obj
c:\users\elliot anderson\documents\github\spacegame\spaceship\debug\userinterface.obj
c:\users\elliot anderson\documents\github\spacegame\spaceship\debug\collisionshaper.obj
c:\users\elliot anderson\documents\github\spacegame\spaceship\debug\lander.obj
c:\users\elliot anderson\documents\github\spacegame\spaceship\debug\fuelbox.obj
c:\users\elliot anderson\documents\github\spacegame\spaceship\debug\enemyship.obj
c:\users\elliot anderson\documents\github\spacegame\debug\spaceship.ilk
c:\users\elliot anderson\documents\github\spacegame\debug\spaceship.exe
c:\users\elliot anderson\documents\github\spacegame\debug\spaceship.pdb
c:\users\elliot anderson\documents\github\spacegame\spaceship\debug\spaceship.tlog\cl.command.1.tlog
c:\users\elliot anderson\documents\github\spacegame\spaceship\debug\spaceship.tlog\cl.read.1.tlog
c:\users\elliot anderson\documents\github\spacegame\spaceship\debug\spaceship.tlog\cl.write.1.tlog
c:\users\elliot anderson\documents\github\spacegame\spaceship\debug\spaceship.tlog\link.command.1.tlog
c:\users\elliot anderson\documents\github\spacegame\spaceship\debug\spaceship.tlog\link.read.1.tlog
c:\users\elliot anderson\documents\github\spacegame\spaceship\debug\spaceship.tlog\link.write.1.tlog
